Sep 27, 2017 10:30:40 AM org.apache.karaf.main.Main launch
INFO: Installing and starting initial bundles
Sep 27, 2017 10:30:40 AM org.apache.karaf.main.Main launch
INFO: All initial bundles installed and set to start
Sep 27, 2017 10:30:41 AM org.sonatype.nexus.karaf.NexusMain launch
INFO: ...launched Nexus!
Sep 27, 2017 10:30:41 AM org.apache.karaf.main.Main$KarafLockCallback lockAquired
INFO: Lock acquired. Setting startlevel to 100
Sep 27, 2017 10:36:16 AM org.apache.karaf.main.Main launch
INFO: Installing and starting initial bundles
Sep 27, 2017 10:36:16 AM org.apache.karaf.main.Main launch
INFO: All initial bundles installed and set to start
Sep 27, 2017 10:36:17 AM org.sonatype.nexus.karaf.NexusMain launch
INFO: ...launched Nexus!
Sep 27, 2017 10:36:17 AM org.apache.karaf.main.Main$KarafLockCallback lockAquired
INFO: Lock acquired. Setting startlevel to 100
Sep 27, 2017 10:37:46 AM org.apache.karaf.main.Main launch
INFO: Installing and starting initial bundles
Sep 27, 2017 10:37:46 AM org.apache.karaf.main.Main launch
INFO: All initial bundles installed and set to start
Sep 27, 2017 10:37:47 AM org.sonatype.nexus.karaf.NexusMain launch
INFO: ...launched Nexus!
Sep 27, 2017 10:37:47 AM org.apache.karaf.main.Main$KarafLockCallback lockAquired
INFO: Lock acquired. Setting startlevel to 100
Sep 27, 2017 10:42:03 AM org.apache.karaf.main.Main launch
INFO: Installing and starting initial bundles
Sep 27, 2017 10:42:04 AM org.apache.karaf.main.Main launch
INFO: All initial bundles installed and set to start
Sep 27, 2017 10:42:04 AM org.sonatype.nexus.karaf.NexusMain launch
INFO: ...launched Nexus!
Sep 27, 2017 10:42:05 AM org.apache.karaf.main.Main$KarafLockCallback lockAquired
INFO: Lock acquired. Setting startlevel to 100
Sep 27, 2017 10:52:34 AM org.apache.karaf.main.Main launch
INFO: Installing and starting initial bundles
Sep 27, 2017 10:52:35 AM org.apache.karaf.main.Main launch
INFO: All initial bundles installed and set to start
Sep 27, 2017 10:52:36 AM org.sonatype.nexus.karaf.NexusMain launch
INFO: ...launched Nexus!
Sep 27, 2017 10:52:36 AM org.apache.karaf.main.Main$KarafLockCallback lockAquired
INFO: Lock acquired. Setting startlevel to 100
Sep 27, 2017 10:54:00 AM org.apache.karaf.main.Main launch
INFO: Installing and starting initial bundles
Sep 27, 2017 10:54:01 AM org.apache.karaf.main.Main launch
INFO: All initial bundles installed and set to start
Sep 27, 2017 10:54:02 AM org.sonatype.nexus.karaf.NexusMain launch
INFO: ...launched Nexus!
Sep 27, 2017 10:54:02 AM org.apache.karaf.main.Main$KarafLockCallback lockAquired
INFO: Lock acquired. Setting startlevel to 100
Sep 27, 2017 11:01:09 AM org.apache.karaf.main.Main launch
INFO: Installing and starting initial bundles
Sep 27, 2017 11:01:09 AM org.apache.karaf.main.Main launch
INFO: All initial bundles installed and set to start
Sep 27, 2017 11:01:10 AM org.sonatype.nexus.karaf.NexusMain launch
INFO: ...launched Nexus!
Sep 27, 2017 11:01:10 AM org.apache.karaf.main.Main$KarafLockCallback lockAquired
INFO: Lock acquired. Setting startlevel to 100
